Determining if the Q_WS_WIN exist failed with the following output:
Change Dir: /home/hinjeniero/projects_cpp/ejemplo1/CMakeFiles/CMakeTmp

Run Build Command:"/usr/bin/make" "cmTC_e8a84/fast"
/usr/bin/make -f CMakeFiles/cmTC_e8a84.dir/build.make CMakeFiles/cmTC_e8a84.dir/build
make[1]: Entering directory '/home/hinjeniero/projects_cpp/ejemplo1/CMakeFiles/CMakeTmp'
Building CXX object CMakeFiles/cmTC_e8a84.dir/CheckSymbolExists.cxx.o
/usr/bin/c++    -I/usr/include/qt4   -o CMakeFiles/cmTC_e8a84.dir/CheckSymbolExists.cxx.o -c /home/hinjeniero/projects_cpp/ejemplo1/CMakeFiles/CMakeTmp/CheckSymbolExists.cxx
/home/hinjeniero/projects_cpp/ejemplo1/CMakeFiles/CMakeTmp/CheckSymbolExists.cxx: In function ‘int main(int, char**)’:
/home/hinjeniero/projects_cpp/ejemplo1/CMakeFiles/CMakeTmp/CheckSymbolExists.cxx:8:19: error: ‘Q_WS_WIN’ was not declared in this scope
   return ((int*)(&Q_WS_WIN))[argc];
                   ^
CMakeFiles/cmTC_e8a84.dir/build.make:65: recipe for target 'CMakeFiles/cmTC_e8a84.dir/CheckSymbolExists.cxx.o' failed
make[1]: *** [CMakeFiles/cmTC_e8a84.dir/CheckSymbolExists.cxx.o] Error 1
make[1]: Leaving directory '/home/hinjeniero/projects_cpp/ejemplo1/CMakeFiles/CMakeTmp'
Makefile:126: recipe for target 'cmTC_e8a84/fast' failed
make: *** [cmTC_e8a84/fast] Error 2

File /home/hinjeniero/projects_cpp/ejemplo1/CMakeFiles/CMakeTmp/CheckSymbolExists.cxx:
/* */
#include <QtCore/qglobal.h>

int main(int argc, char** argv)
{
  (void)argv;
#ifndef Q_WS_WIN
  return ((int*)(&Q_WS_WIN))[argc];
#else
  (void)argc;
  return 0;
#endif
}

Determining if the Q_WS_QWS exist failed with the following output:
Change Dir: /home/hinjeniero/projects_cpp/ejemplo1/CMakeFiles/CMakeTmp

Run Build Command:"/usr/bin/make" "cmTC_c17d1/fast"
/usr/bin/make -f CMakeFiles/cmTC_c17d1.dir/build.make CMakeFiles/cmTC_c17d1.dir/build
make[1]: Entering directory '/home/hinjeniero/projects_cpp/ejemplo1/CMakeFiles/CMakeTmp'
Building CXX object CMakeFiles/cmTC_c17d1.dir/CheckSymbolExists.cxx.o
/usr/bin/c++    -I/usr/include/qt4   -o CMakeFiles/cmTC_c17d1.dir/CheckSymbolExists.cxx.o -c /home/hinjeniero/projects_cpp/ejemplo1/CMakeFiles/CMakeTmp/CheckSymbolExists.cxx
/home/hinjeniero/projects_cpp/ejemplo1/CMakeFiles/CMakeTmp/CheckSymbolExists.cxx: In function ‘int main(int, char**)’:
/home/hinjeniero/projects_cpp/ejemplo1/CMakeFiles/CMakeTmp/CheckSymbolExists.cxx:8:19: error: ‘Q_WS_QWS’ was not declared in this scope
   return ((int*)(&Q_WS_QWS))[argc];
                   ^
CMakeFiles/cmTC_c17d1.dir/build.make:65: recipe for target 'CMakeFiles/cmTC_c17d1.dir/CheckSymbolExists.cxx.o' failed
make[1]: *** [CMakeFiles/cmTC_c17d1.dir/CheckSymbolExists.cxx.o] Error 1
make[1]: Leaving directory '/home/hinjeniero/projects_cpp/ejemplo1/CMakeFiles/CMakeTmp'
Makefile:126: recipe for target 'cmTC_c17d1/fast' failed
make: *** [cmTC_c17d1/fast] Error 2

File /home/hinjeniero/projects_cpp/ejemplo1/CMakeFiles/CMakeTmp/CheckSymbolExists.cxx:
/* */
#include <QtCore/qglobal.h>

int main(int argc, char** argv)
{
  (void)argv;
#ifndef Q_WS_QWS
  return ((int*)(&Q_WS_QWS))[argc];
#else
  (void)argc;
  return 0;
#endif
}

Determining if the Q_WS_MAC exist failed with the following output:
Change Dir: /home/hinjeniero/projects_cpp/ejemplo1/CMakeFiles/CMakeTmp

Run Build Command:"/usr/bin/make" "cmTC_b2d96/fast"
/usr/bin/make -f CMakeFiles/cmTC_b2d96.dir/build.make CMakeFiles/cmTC_b2d96.dir/build
make[1]: Entering directory '/home/hinjeniero/projects_cpp/ejemplo1/CMakeFiles/CMakeTmp'
Building CXX object CMakeFiles/cmTC_b2d96.dir/CheckSymbolExists.cxx.o
/usr/bin/c++    -I/usr/include/qt4   -o CMakeFiles/cmTC_b2d96.dir/CheckSymbolExists.cxx.o -c /home/hinjeniero/projects_cpp/ejemplo1/CMakeFiles/CMakeTmp/CheckSymbolExists.cxx
/home/hinjeniero/projects_cpp/ejemplo1/CMakeFiles/CMakeTmp/CheckSymbolExists.cxx: In function ‘int main(int, char**)’:
/home/hinjeniero/projects_cpp/ejemplo1/CMakeFiles/CMakeTmp/CheckSymbolExists.cxx:8:19: error: ‘Q_WS_MAC’ was not declared in this scope
   return ((int*)(&Q_WS_MAC))[argc];
                   ^
CMakeFiles/cmTC_b2d96.dir/build.make:65: recipe for target 'CMakeFiles/cmTC_b2d96.dir/CheckSymbolExists.cxx.o' failed
make[1]: *** [CMakeFiles/cmTC_b2d96.dir/CheckSymbolExists.cxx.o] Error 1
make[1]: Leaving directory '/home/hinjeniero/projects_cpp/ejemplo1/CMakeFiles/CMakeTmp'
Makefile:126: recipe for target 'cmTC_b2d96/fast' failed
make: *** [cmTC_b2d96/fast] Error 2

File /home/hinjeniero/projects_cpp/ejemplo1/CMakeFiles/CMakeTmp/CheckSymbolExists.cxx:
/* */
#include <QtCore/qglobal.h>

int main(int argc, char** argv)
{
  (void)argv;
#ifndef Q_WS_MAC
  return ((int*)(&Q_WS_MAC))[argc];
#else
  (void)argc;
  return 0;
#endif
}

Determining if the Q_WS_WIN exist failed with the following output:
Change Dir: /home/hinjeniero/github_hinjeniero/projects_cpp/qt_threads/ejemplo1/CMakeFiles/CMakeTmp

Run Build Command:"/usr/bin/make" "cmTC_8b3ac/fast"
/usr/bin/make -f CMakeFiles/cmTC_8b3ac.dir/build.make CMakeFiles/cmTC_8b3ac.dir/build
make[1]: Entering directory '/home/hinjeniero/github_hinjeniero/projects_cpp/qt_threads/ejemplo1/CMakeFiles/CMakeTmp'
Building CXX object CMakeFiles/cmTC_8b3ac.dir/CheckSymbolExists.cxx.o
/usr/bin/c++    -I/usr/include/qt4   -o CMakeFiles/cmTC_8b3ac.dir/CheckSymbolExists.cxx.o -c /home/hinjeniero/github_hinjeniero/projects_cpp/qt_threads/ejemplo1/CMakeFiles/CMakeTmp/CheckSymbolExists.cxx
/home/hinjeniero/github_hinjeniero/projects_cpp/qt_threads/ejemplo1/CMakeFiles/CMakeTmp/CheckSymbolExists.cxx: In function ‘int main(int, char**)’:
/home/hinjeniero/github_hinjeniero/projects_cpp/qt_threads/ejemplo1/CMakeFiles/CMakeTmp/CheckSymbolExists.cxx:8:19: error: ‘Q_WS_WIN’ was not declared in this scope
   return ((int*)(&Q_WS_WIN))[argc];
                   ^
CMakeFiles/cmTC_8b3ac.dir/build.make:65: recipe for target 'CMakeFiles/cmTC_8b3ac.dir/CheckSymbolExists.cxx.o' failed
make[1]: *** [CMakeFiles/cmTC_8b3ac.dir/CheckSymbolExists.cxx.o] Error 1
make[1]: Leaving directory '/home/hinjeniero/github_hinjeniero/projects_cpp/qt_threads/ejemplo1/CMakeFiles/CMakeTmp'
Makefile:126: recipe for target 'cmTC_8b3ac/fast' failed
make: *** [cmTC_8b3ac/fast] Error 2

File /home/hinjeniero/github_hinjeniero/projects_cpp/qt_threads/ejemplo1/CMakeFiles/CMakeTmp/CheckSymbolExists.cxx:
/* */
#include <QtCore/qglobal.h>

int main(int argc, char** argv)
{
  (void)argv;
#ifndef Q_WS_WIN
  return ((int*)(&Q_WS_WIN))[argc];
#else
  (void)argc;
  return 0;
#endif
}

Determining if the Q_WS_QWS exist failed with the following output:
Change Dir: /home/hinjeniero/github_hinjeniero/projects_cpp/qt_threads/ejemplo1/CMakeFiles/CMakeTmp

Run Build Command:"/usr/bin/make" "cmTC_a226f/fast"
/usr/bin/make -f CMakeFiles/cmTC_a226f.dir/build.make CMakeFiles/cmTC_a226f.dir/build
make[1]: Entering directory '/home/hinjeniero/github_hinjeniero/projects_cpp/qt_threads/ejemplo1/CMakeFiles/CMakeTmp'
Building CXX object CMakeFiles/cmTC_a226f.dir/CheckSymbolExists.cxx.o
/usr/bin/c++    -I/usr/include/qt4   -o CMakeFiles/cmTC_a226f.dir/CheckSymbolExists.cxx.o -c /home/hinjeniero/github_hinjeniero/projects_cpp/qt_threads/ejemplo1/CMakeFiles/CMakeTmp/CheckSymbolExists.cxx
/home/hinjeniero/github_hinjeniero/projects_cpp/qt_threads/ejemplo1/CMakeFiles/CMakeTmp/CheckSymbolExists.cxx: In function ‘int main(int, char**)’:
/home/hinjeniero/github_hinjeniero/projects_cpp/qt_threads/ejemplo1/CMakeFiles/CMakeTmp/CheckSymbolExists.cxx:8:19: error: ‘Q_WS_QWS’ was not declared in this scope
   return ((int*)(&Q_WS_QWS))[argc];
                   ^
CMakeFiles/cmTC_a226f.dir/build.make:65: recipe for target 'CMakeFiles/cmTC_a226f.dir/CheckSymbolExists.cxx.o' failed
make[1]: *** [CMakeFiles/cmTC_a226f.dir/CheckSymbolExists.cxx.o] Error 1
make[1]: Leaving directory '/home/hinjeniero/github_hinjeniero/projects_cpp/qt_threads/ejemplo1/CMakeFiles/CMakeTmp'
Makefile:126: recipe for target 'cmTC_a226f/fast' failed
make: *** [cmTC_a226f/fast] Error 2

File /home/hinjeniero/github_hinjeniero/projects_cpp/qt_threads/ejemplo1/CMakeFiles/CMakeTmp/CheckSymbolExists.cxx:
/* */
#include <QtCore/qglobal.h>

int main(int argc, char** argv)
{
  (void)argv;
#ifndef Q_WS_QWS
  return ((int*)(&Q_WS_QWS))[argc];
#else
  (void)argc;
  return 0;
#endif
}

Determining if the Q_WS_MAC exist failed with the following output:
Change Dir: /home/hinjeniero/github_hinjeniero/projects_cpp/qt_threads/ejemplo1/CMakeFiles/CMakeTmp

Run Build Command:"/usr/bin/make" "cmTC_7b545/fast"
/usr/bin/make -f CMakeFiles/cmTC_7b545.dir/build.make CMakeFiles/cmTC_7b545.dir/build
make[1]: Entering directory '/home/hinjeniero/github_hinjeniero/projects_cpp/qt_threads/ejemplo1/CMakeFiles/CMakeTmp'
Building CXX object CMakeFiles/cmTC_7b545.dir/CheckSymbolExists.cxx.o
/usr/bin/c++    -I/usr/include/qt4   -o CMakeFiles/cmTC_7b545.dir/CheckSymbolExists.cxx.o -c /home/hinjeniero/github_hinjeniero/projects_cpp/qt_threads/ejemplo1/CMakeFiles/CMakeTmp/CheckSymbolExists.cxx
/home/hinjeniero/github_hinjeniero/projects_cpp/qt_threads/ejemplo1/CMakeFiles/CMakeTmp/CheckSymbolExists.cxx: In function ‘int main(int, char**)’:
/home/hinjeniero/github_hinjeniero/projects_cpp/qt_threads/ejemplo1/CMakeFiles/CMakeTmp/CheckSymbolExists.cxx:8:19: error: ‘Q_WS_MAC’ was not declared in this scope
   return ((int*)(&Q_WS_MAC))[argc];
                   ^
CMakeFiles/cmTC_7b545.dir/build.make:65: recipe for target 'CMakeFiles/cmTC_7b545.dir/CheckSymbolExists.cxx.o' failed
make[1]: *** [CMakeFiles/cmTC_7b545.dir/CheckSymbolExists.cxx.o] Error 1
make[1]: Leaving directory '/home/hinjeniero/github_hinjeniero/projects_cpp/qt_threads/ejemplo1/CMakeFiles/CMakeTmp'
Makefile:126: recipe for target 'cmTC_7b545/fast' failed
make: *** [cmTC_7b545/fast] Error 2

File /home/hinjeniero/github_hinjeniero/projects_cpp/qt_threads/ejemplo1/CMakeFiles/CMakeTmp/CheckSymbolExists.cxx:
/* */
#include <QtCore/qglobal.h>

int main(int argc, char** argv)
{
  (void)argv;
#ifndef Q_WS_MAC
  return ((int*)(&Q_WS_MAC))[argc];
#else
  (void)argc;
  return 0;
#endif
}

Determining if the Q_WS_WIN exist failed with the following output:
Change Dir: /home/hinjeniero/github_hinjeniero/projects_cpp/qt_threads/ejemplo_thread_class/CMakeFiles/CMakeTmp

Run Build Command:"/usr/bin/make" "cmTC_922a0/fast"
/usr/bin/make -f CMakeFiles/cmTC_922a0.dir/build.make CMakeFiles/cmTC_922a0.dir/build
make[1]: Entering directory '/home/hinjeniero/github_hinjeniero/projects_cpp/qt_threads/ejemplo_thread_class/CMakeFiles/CMakeTmp'
Building CXX object CMakeFiles/cmTC_922a0.dir/CheckSymbolExists.cxx.o
/usr/bin/c++    -I/usr/include/qt4   -o CMakeFiles/cmTC_922a0.dir/CheckSymbolExists.cxx.o -c /home/hinjeniero/github_hinjeniero/projects_cpp/qt_threads/ejemplo_thread_class/CMakeFiles/CMakeTmp/CheckSymbolExists.cxx
/home/hinjeniero/github_hinjeniero/projects_cpp/qt_threads/ejemplo_thread_class/CMakeFiles/CMakeTmp/CheckSymbolExists.cxx: In function ‘int main(int, char**)’:
/home/hinjeniero/github_hinjeniero/projects_cpp/qt_threads/ejemplo_thread_class/CMakeFiles/CMakeTmp/CheckSymbolExists.cxx:8:19: error: ‘Q_WS_WIN’ was not declared in this scope
   return ((int*)(&Q_WS_WIN))[argc];
                   ^
CMakeFiles/cmTC_922a0.dir/build.make:65: recipe for target 'CMakeFiles/cmTC_922a0.dir/CheckSymbolExists.cxx.o' failed
make[1]: *** [CMakeFiles/cmTC_922a0.dir/CheckSymbolExists.cxx.o] Error 1
make[1]: Leaving directory '/home/hinjeniero/github_hinjeniero/projects_cpp/qt_threads/ejemplo_thread_class/CMakeFiles/CMakeTmp'
Makefile:126: recipe for target 'cmTC_922a0/fast' failed
make: *** [cmTC_922a0/fast] Error 2

File /home/hinjeniero/github_hinjeniero/projects_cpp/qt_threads/ejemplo_thread_class/CMakeFiles/CMakeTmp/CheckSymbolExists.cxx:
/* */
#include <QtCore/qglobal.h>

int main(int argc, char** argv)
{
  (void)argv;
#ifndef Q_WS_WIN
  return ((int*)(&Q_WS_WIN))[argc];
#else
  (void)argc;
  return 0;
#endif
}

Determining if the Q_WS_QWS exist failed with the following output:
Change Dir: /home/hinjeniero/github_hinjeniero/projects_cpp/qt_threads/ejemplo_thread_class/CMakeFiles/CMakeTmp

Run Build Command:"/usr/bin/make" "cmTC_572ca/fast"
/usr/bin/make -f CMakeFiles/cmTC_572ca.dir/build.make CMakeFiles/cmTC_572ca.dir/build
make[1]: Entering directory '/home/hinjeniero/github_hinjeniero/projects_cpp/qt_threads/ejemplo_thread_class/CMakeFiles/CMakeTmp'
Building CXX object CMakeFiles/cmTC_572ca.dir/CheckSymbolExists.cxx.o
/usr/bin/c++    -I/usr/include/qt4   -o CMakeFiles/cmTC_572ca.dir/CheckSymbolExists.cxx.o -c /home/hinjeniero/github_hinjeniero/projects_cpp/qt_threads/ejemplo_thread_class/CMakeFiles/CMakeTmp/CheckSymbolExists.cxx
/home/hinjeniero/github_hinjeniero/projects_cpp/qt_threads/ejemplo_thread_class/CMakeFiles/CMakeTmp/CheckSymbolExists.cxx: In function ‘int main(int, char**)’:
/home/hinjeniero/github_hinjeniero/projects_cpp/qt_threads/ejemplo_thread_class/CMakeFiles/CMakeTmp/CheckSymbolExists.cxx:8:19: error: ‘Q_WS_QWS’ was not declared in this scope
   return ((int*)(&Q_WS_QWS))[argc];
                   ^
CMakeFiles/cmTC_572ca.dir/build.make:65: recipe for target 'CMakeFiles/cmTC_572ca.dir/CheckSymbolExists.cxx.o' failed
make[1]: *** [CMakeFiles/cmTC_572ca.dir/CheckSymbolExists.cxx.o] Error 1
make[1]: Leaving directory '/home/hinjeniero/github_hinjeniero/projects_cpp/qt_threads/ejemplo_thread_class/CMakeFiles/CMakeTmp'
Makefile:126: recipe for target 'cmTC_572ca/fast' failed
make: *** [cmTC_572ca/fast] Error 2

File /home/hinjeniero/github_hinjeniero/projects_cpp/qt_threads/ejemplo_thread_class/CMakeFiles/CMakeTmp/CheckSymbolExists.cxx:
/* */
#include <QtCore/qglobal.h>

int main(int argc, char** argv)
{
  (void)argv;
#ifndef Q_WS_QWS
  return ((int*)(&Q_WS_QWS))[argc];
#else
  (void)argc;
  return 0;
#endif
}

Determining if the Q_WS_MAC exist failed with the following output:
Change Dir: /home/hinjeniero/github_hinjeniero/projects_cpp/qt_threads/ejemplo_thread_class/CMakeFiles/CMakeTmp

Run Build Command:"/usr/bin/make" "cmTC_2778a/fast"
/usr/bin/make -f CMakeFiles/cmTC_2778a.dir/build.make CMakeFiles/cmTC_2778a.dir/build
make[1]: Entering directory '/home/hinjeniero/github_hinjeniero/projects_cpp/qt_threads/ejemplo_thread_class/CMakeFiles/CMakeTmp'
Building CXX object CMakeFiles/cmTC_2778a.dir/CheckSymbolExists.cxx.o
/usr/bin/c++    -I/usr/include/qt4   -o CMakeFiles/cmTC_2778a.dir/CheckSymbolExists.cxx.o -c /home/hinjeniero/github_hinjeniero/projects_cpp/qt_threads/ejemplo_thread_class/CMakeFiles/CMakeTmp/CheckSymbolExists.cxx
/home/hinjeniero/github_hinjeniero/projects_cpp/qt_threads/ejemplo_thread_class/CMakeFiles/CMakeTmp/CheckSymbolExists.cxx: In function ‘int main(int, char**)’:
/home/hinjeniero/github_hinjeniero/projects_cpp/qt_threads/ejemplo_thread_class/CMakeFiles/CMakeTmp/CheckSymbolExists.cxx:8:19: error: ‘Q_WS_MAC’ was not declared in this scope
   return ((int*)(&Q_WS_MAC))[argc];
                   ^
CMakeFiles/cmTC_2778a.dir/build.make:65: recipe for target 'CMakeFiles/cmTC_2778a.dir/CheckSymbolExists.cxx.o' failed
make[1]: *** [CMakeFiles/cmTC_2778a.dir/CheckSymbolExists.cxx.o] Error 1
make[1]: Leaving directory '/home/hinjeniero/github_hinjeniero/projects_cpp/qt_threads/ejemplo_thread_class/CMakeFiles/CMakeTmp'
Makefile:126: recipe for target 'cmTC_2778a/fast' failed
make: *** [cmTC_2778a/fast] Error 2

File /home/hinjeniero/github_hinjeniero/projects_cpp/qt_threads/ejemplo_thread_class/CMakeFiles/CMakeTmp/CheckSymbolExists.cxx:
/* */
#include <QtCore/qglobal.h>

int main(int argc, char** argv)
{
  (void)argv;
#ifndef Q_WS_MAC
  return ((int*)(&Q_WS_MAC))[argc];
#else
  (void)argc;
  return 0;
#endif
}

